0 info it worked if it ends with ok
1 verbose cli [ 'C:\\Program Files\\nodejs\\node.exe',
1 verbose cli   'C:\\Program Files\\nodejs\\node_modules\\npm\\bin\\npm-cli.js',
1 verbose cli   'install' ]
2 info using npm@3.3.12
3 info using node@v5.4.0
4 silly loadCurrentTree Starting
5 silly install loadCurrentTree
6 silly install readLocalPackageData
7 silly install normalizeTree
8 silly loadCurrentTree Finishing
9 silly loadIdealTree Starting
10 silly install loadIdealTree
11 silly cloneCurrentTree Starting
12 silly install cloneCurrentTreeToIdealTree
13 silly cloneCurrentTree Finishing
14 silly loadShrinkwrap Starting
15 silly install loadShrinkwrap
16 silly loadShrinkwrap Finishing
17 silly loadAllDepsIntoIdealTree Starting
18 silly install loadAllDepsIntoIdealTree
19 silly fetchNamedPackageData http
20 silly mapToRegistry name http
21 silly mapToRegistry using default registry
22 silly mapToRegistry registry https://registry.npmjs.org/
23 silly mapToRegistry uri https://registry.npmjs.org/http
24 verbose request uri https://registry.npmjs.org/http
25 verbose request no auth needed
26 info attempt registry request try #1 at 6:54:26 PM
27 verbose request id 378dccc8ff8141b5
28 verbose etag "AGWNW9FW0EA9AWNYYEZTIDMKY"
29 http request GET https://registry.npmjs.org/http
30 http 304 https://registry.npmjs.org/http
31 verbose headers { date: 'Thu, 30 Jun 2016 01:54:30 GMT',
31 verbose headers   via: '1.1 varnish',
31 verbose headers   'cache-control': 'max-age=300',
31 verbose headers   etag: '"AGWNW9FW0EA9AWNYYEZTIDMKY"',
31 verbose headers   age: '184',
31 verbose headers   connection: 'keep-alive',
31 verbose headers   'x-served-by': 'cache-lax1420-LAX',
31 verbose headers   'x-cache': 'HIT',
31 verbose headers   'x-cache-hits': '3',
31 verbose headers   'x-timer': 'S1467251670.030950,VS0,VE0',
31 verbose headers   vary: 'Accept-Encoding' }
32 silly get cb [ 304,
32 silly get   { date: 'Thu, 30 Jun 2016 01:54:30 GMT',
32 silly get     via: '1.1 varnish',
32 silly get     'cache-control': 'max-age=300',
32 silly get     etag: '"AGWNW9FW0EA9AWNYYEZTIDMKY"',
32 silly get     age: '184',
32 silly get     connection: 'keep-alive',
32 silly get     'x-served-by': 'cache-lax1420-LAX',
32 silly get     'x-cache': 'HIT',
32 silly get     'x-cache-hits': '3',
32 silly get     'x-timer': 'S1467251670.030950,VS0,VE0',
32 silly get     vary: 'Accept-Encoding' } ]
33 verbose etag https://registry.npmjs.org/http from cache
34 verbose get saving http to C:\Users\vyompv\AppData\Roaming\npm-cache\registry.npmjs.org\http\.cache.json
35 silly fetchPackageMetaData Error: No compatible version found: http@^0.9.0
35 silly fetchPackageMetaData Valid install targets:
35 silly fetchPackageMetaData 0.0.0
35 silly fetchPackageMetaData
35 silly fetchPackageMetaData     at pickVersionFromRegistryDocument (C:\Users\vyompv\AppData\Roaming\nvm\v5.4.0\node_modules\npm\lib\fetch-package-metadata.js:156:16)
35 silly fetchPackageMetaData     at C:\Users\vyompv\AppData\Roaming\nvm\v5.4.0\node_modules\npm\node_modules\iferr\index.js:13:50
35 silly fetchPackageMetaData     at C:\Users\vyompv\AppData\Roaming\nvm\v5.4.0\node_modules\npm\lib\utils\pulse-till-done.js:19:8
35 silly fetchPackageMetaData     at saved (C:\Users\vyompv\AppData\Roaming\nvm\v5.4.0\node_modules\npm\lib\cache\caching-client.js:168:7)
35 silly fetchPackageMetaData     at C:\Users\vyompv\AppData\Roaming\nvm\v5.4.0\node_modules\npm\node_modules\graceful-fs\polyfills.js:210:7
35 silly fetchPackageMetaData     at FSReqWrap.oncomplete (fs.js:82:15)
35 silly fetchPackageMetaData  error for http@^0.9.0 [Error: No compatible version found: http@^0.9.0
35 silly fetchPackageMetaData Valid install targets:
35 silly fetchPackageMetaData 0.0.0
35 silly fetchPackageMetaData ]
36 silly rollbackFailedOptional Starting
37 silly rollbackFailedOptional Finishing
38 silly runTopLevelLifecycles Starting
39 silly runTopLevelLifecycles Finishing
40 silly install printInstalled
41 verbose stack Error: No compatible version found: http@^0.9.0
41 verbose stack Valid install targets:
41 verbose stack 0.0.0
41 verbose stack
41 verbose stack     at pickVersionFromRegistryDocument (C:\Users\vyompv\AppData\Roaming\nvm\v5.4.0\node_modules\npm\lib\fetch-package-metadata.js:156:16)
41 verbose stack     at C:\Users\vyompv\AppData\Roaming\nvm\v5.4.0\node_modules\npm\node_modules\iferr\index.js:13:50
41 verbose stack     at C:\Users\vyompv\AppData\Roaming\nvm\v5.4.0\node_modules\npm\lib\utils\pulse-till-done.js:19:8
41 verbose stack     at saved (C:\Users\vyompv\AppData\Roaming\nvm\v5.4.0\node_modules\npm\lib\cache\caching-client.js:168:7)
41 verbose stack     at C:\Users\vyompv\AppData\Roaming\nvm\v5.4.0\node_modules\npm\node_modules\graceful-fs\polyfills.js:210:7
41 verbose stack     at FSReqWrap.oncomplete (fs.js:82:15)
42 verbose cwd E:\Workspace\TweetDisplay\MLTweets
43 error Windows_NT 10.0.10586
44 error argv "C:\\Program Files\\nodejs\\node.exe" "C:\\Program Files\\nodejs\\node_modules\\npm\\bin\\npm-cli.js" "install"
45 error node v5.4.0
46 error npm  v3.3.12
47 error No compatible version found: http@^0.9.0
47 error Valid install targets:
47 error 0.0.0
48 error If you need help, you may report this error at:
48 error     <https://github.com/npm/npm/issues>
49 verbose exit [ 1, true ]
